[0;34m[INFO][0m WGT Setup Script Started
[0;34m[INFO][0m User selected: Full Installation
[0;34m[INFO][0m Starting full installation...
[0;34m[INFO][0m ===========================================
[0;34m[INFO][0m Installing system dependencies...
[0;34m[INFO][0m Detected Homebrew (macOS)
[0;32m[SUCCESS][0m System dependencies installed
[0;34m[INFO][0m Checking Go installation...
[0;32m[SUCCESS][0m Go already installed: go1.25.4
[0;34m[INFO][0m Checking Rust installation...
[0;32m[SUCCESS][0m Rust already installed: rustc 1.89.0 (29483883e 2025-08-04)
[0;34m[INFO][0m Setting up Python environment...
[0;32m[SUCCESS][0m Python environment setup complete
[0;34m[INFO][0m Building Go components...
[0;34m[INFO][0m WGT Setup Script Started
[0;34m[INFO][0m User selected: Run All Tests
[0;34m[INFO][0m Running Go Tests...
[0;31m[ERROR][0m Go Tests failed (check test_log.txt for details)
[0;34m[INFO][0m WGT Setup Script Started
[0;34m[INFO][0m User selected: Run All Tests
[0;34m[INFO][0m Building Rust library (required for Go)...
[0;34m[INFO][0m WGT Setup Script Started
[0;34m[INFO][0m User selected: Run All Tests
[0;34m[INFO][0m Building Rust library (required for Go)...
[0;32m[SUCCESS][0m Rust library built
[0;34m[INFO][0m Running Go Tests...
[0;32m[SUCCESS][0m Go Tests passed
[0;34m[INFO][0m Running Python Tests...
[0;32m[SUCCESS][0m Python Tests passed
[0;34m[INFO][0m Running Rust Tests...
[0;31m[ERROR][0m Rust Tests failed (check test_log.txt for details)
[0;34m[INFO][0m WGT Setup Script Started
[0;34m[INFO][0m User selected: Run All Tests
[0;34m[INFO][0m Building Rust library (required for Go)...
[0;32m[SUCCESS][0m Rust library built
[0;34m[INFO][0m Running Go Tests...
[0;32m[SUCCESS][0m Go Tests passed
[0;34m[INFO][0m Running Python Tests...
[0;32m[SUCCESS][0m Python Tests passed
[0;34m[INFO][0m Running Rust Tests...
[0;31m[ERROR][0m Rust Tests failed (check test_log.txt for details)
[0;34m[INFO][0m WGT Setup Script Started
[0;34m[INFO][0m User selected: Run All Tests
[0;34m[INFO][0m Building Rust library (required for Go)...
[0;32m[SUCCESS][0m Rust library built
[0;34m[INFO][0m Running Go Tests...
[0;32m[SUCCESS][0m Go Tests passed
[0;34m[INFO][0m Running Python Tests...
[0;32m[SUCCESS][0m Python Tests passed
[0;34m[INFO][0m Running Rust Tests...
[0;32m[SUCCESS][0m Rust Tests passed
[0;34m[INFO][0m Running Integration Tests...
[0;31m[ERROR][0m Integration Tests failed (check test_log.txt for details)
[0;34m[INFO][0m WGT Setup Script Started
[0;34m[INFO][0m User selected: Run All Tests
[0;34m[INFO][0m Building Rust library (required for Go)...
[0;32m[SUCCESS][0m Rust library built
[0;34m[INFO][0m Running Go Tests...
[0;32m[SUCCESS][0m Go Tests passed
[0;34m[INFO][0m Running Python Tests...
[0;32m[SUCCESS][0m Python Tests passed
[0;34m[INFO][0m Running Rust Tests...
[0;32m[SUCCESS][0m Rust Tests passed
[0;34m[INFO][0m Running Integration Tests...
[0;32m[SUCCESS][0m Integration Tests passed
[0;34m[INFO][0m Running StreamUpdates Test...
[0;31m[ERROR][0m StreamUpdates Test failed (check test_log.txt for details)
[0;34m[INFO][0m WGT Setup Script Started
[0;34m[INFO][0m User selected: Run All Tests
[0;34m[INFO][0m Building Rust library (required for Go)...
[0;32m[SUCCESS][0m Rust library built
[0;34m[INFO][0m Running Go Tests...
[0;32m[SUCCESS][0m Go Tests passed
[0;34m[INFO][0m Running Python Tests...
[0;32m[SUCCESS][0m Python Tests passed
[0;34m[INFO][0m Running Rust Tests...
[0;32m[SUCCESS][0m Rust Tests passed
[0;34m[INFO][0m Running Integration Tests...
[0;32m[SUCCESS][0m Integration Tests passed
[0;34m[INFO][0m Running StreamUpdates Test...
[0;31m[ERROR][0m StreamUpdates Test failed (check test_log.txt for details)
[0;34m[INFO][0m WGT Setup Script Started
[0;34m[INFO][0m User selected: Run All Tests
[0;34m[INFO][0m Building Rust library (required for Go)...
[0;32m[SUCCESS][0m Rust library built
[0;34m[INFO][0m Running Go Tests...
[0;32m[SUCCESS][0m Go Tests passed
[0;34m[INFO][0m Running Python Tests...
[0;32m[SUCCESS][0m Python Tests passed
[0;34m[INFO][0m Running Rust Tests...
[0;32m[SUCCESS][0m Rust Tests passed
[0;34m[INFO][0m Running Integration Tests...
[0;32m[SUCCESS][0m Integration Tests passed
[0;34m[INFO][0m Running StreamUpdates Test...
[0;31m[ERROR][0m StreamUpdates Test failed (check test_log.txt for details)
[0;34m[INFO][0m WGT Setup Script Started
[0;34m[INFO][0m User selected: Run All Tests
[0;34m[INFO][0m Building Rust library (required for Go)...
[0;32m[SUCCESS][0m Rust library built
[0;34m[INFO][0m Running Go Tests...
[0;32m[SUCCESS][0m Go Tests passed
[0;34m[INFO][0m Running Python Tests...
[0;32m[SUCCESS][0m Python Tests passed
[0;34m[INFO][0m Running Rust Tests...
[0;32m[SUCCESS][0m Rust Tests passed
[0;34m[INFO][0m Running Integration Tests...
[0;32m[SUCCESS][0m Integration Tests passed
[0;34m[INFO][0m Running StreamUpdates Test...
[0;31m[ERROR][0m StreamUpdates Test failed (check test_log.txt for details)
[0;34m[INFO][0m WGT Setup Script Started
[0;34m[INFO][0m User selected: Run All Tests
[0;34m[INFO][0m Building Rust library (required for Go)...
[0;32m[SUCCESS][0m Rust library built
[0;34m[INFO][0m Running Go Tests...
[0;32m[SUCCESS][0m Go Tests passed
[0;34m[INFO][0m Running Python Tests...
[0;32m[SUCCESS][0m Python Tests passed
[0;34m[INFO][0m Running Rust Tests...
[0;32m[SUCCESS][0m Rust Tests passed
[0;34m[INFO][0m Running Integration Tests...
[0;32m[SUCCESS][0m Integration Tests passed
[0;34m[INFO][0m Running StreamUpdates Test...
[0;32m[SUCCESS][0m StreamUpdates Test passed
[0;32m[SUCCESS][0m All tests completed!
[0;34m[INFO][0m WGT Setup Script Started
[0;34m[INFO][0m User selected: Run All Tests
[0;34m[INFO][0m Building Rust library (required for Go)...
[0;32m[SUCCESS][0m Rust library built
[0;34m[INFO][0m Running Go Tests...
[0;32m[SUCCESS][0m Go Tests passed
[0;34m[INFO][0m Running Python Tests...
[0;32m[SUCCESS][0m Python Tests passed
[0;34m[INFO][0m Running Rust Tests...
[0;32m[SUCCESS][0m Rust Tests passed
[0;34m[INFO][0m Running Integration Tests...
[0;32m[SUCCESS][0m Integration Tests passed
[0;34m[INFO][0m Running StreamUpdates Test...
[0;32m[SUCCESS][0m StreamUpdates Test passed
[0;32m[SUCCESS][0m All tests completed!
[0;34m[INFO][0m WGT Setup Script Started
[0;34m[INFO][0m User selected: Full Installation
[0;34m[INFO][0m Starting full installation...
[0;34m[INFO][0m ===========================================
[0;34m[INFO][0m Installing system dependencies...
[0;34m[INFO][0m Detected apt-get (Debian/Ubuntu)
[0;32m[SUCCESS][0m System dependencies installed
[0;34m[INFO][0m Checking Go installation...
[0;32m[SUCCESS][0m Go already installed: go1.24.10
[0;34m[INFO][0m Checking Rust installation...
[0;32m[SUCCESS][0m Rust already installed: rustc 1.91.1 (ed61e7d7e 2025-11-07)
[0;34m[INFO][0m Setting up Python environment...
